[2026-05-05 22:32:22] Generating lecturer weekly report: 19b98b4d-b8fd-4af7-9328-a7a801cda18c / week 18
[2026-05-05 22:33:03] Generating lecturer weekly report: 19b98b4d-b8fd-4af7-9328-a7a801cda18c / week 18
[2026-05-05 22:33:09] Generating lecturer weekly report: 19b98b4d-b8fd-4af7-9328-a7a801cda18c / week 18
[2026-05-05 22:33:14] Generating lecturer weekly report: 19b98b4d-b8fd-4af7-9328-a7a801cda18c / week 18
[2026-05-05 22:33:49] Generating lecturer weekly report: 19b98b4d-b8fd-4af7-9328-a7a801cda18c / week 18
[2026-05-05 22:33:53] Report saved: /Users/cherinehassan/EduVision/analytics-r/output/lecturer/lecturer_19b98b4d-b8fd-4af7-9328-a7a801cda18c_week_18.pdf
[2026-05-05 22:45:37] Generating lecturer weekly report: undefined / week 18
[2026-05-05 22:45:41] Report saved: /Users/cherinehassan/EduVision/analytics-r/output/lecturer/lecturer_undefined_week_18.pdf
[2026-05-06 20:10:45] Generating lecturer weekly report: test-lecturer-id / week 19
[2026-05-06 20:11:52] Generating lecturer weekly report: test-lecturer-id / week 19
[2026-05-06 20:11:56] Report saved: /Users/cherinehassan/EduVision/analytics-r/output/lecturer/lecturer_test-lecturer-id_week_19.pdf
[2026-05-06 20:25:20] Generating lecturer weekly report: 19b98b4d-b8fd-4af7-9328-a7a801cda18c / week 19
[2026-05-06 20:25:24] Report saved: /Users/cherinehassan/EduVision/analytics-r/output/lecturer/lecturer_19b98b4d-b8fd-4af7-9328-a7a801cda18c_week_19.pdf
[2026-05-06 20:30:59] Generating lecturer weekly report: 8c634991-83b7-4ad9-a6f4-f81cc9ec9816 / week 19
[2026-05-06 20:31:02] Report saved: /Users/cherinehassan/EduVision/analytics-r/output/lecturer/lecturer_8c634991-83b7-4ad9-a6f4-f81cc9ec9816_week_19.pdf
[2026-05-06 20:39:43] Generating lecturer weekly report: 19b98b4d-b8fd-4af7-9328-a7a801cda18c / week 12
[2026-05-06 20:39:51] Report saved: /Users/cherinehassan/EduVision/analytics-r/output/lecturer/lecturer_19b98b4d-b8fd-4af7-9328-a7a801cda18c_week_12.pdf
[2026-05-06 20:40:29] Generating lecturer weekly report: 19b98b4d-b8fd-4af7-9328-a7a801cda18c / week 12
[2026-05-06 20:40:46] Generating lecturer weekly report: 19b98b4d-b8fd-4af7-9328-a7a801cda18c / week 12
[2026-05-06 20:42:57] Generating lecturer weekly report: 19b98b4d-b8fd-4af7-9328-a7a801cda18c / week 12
[2026-05-06 20:43:56] Generating lecturer weekly report: 19b98b4d-b8fd-4af7-9328-a7a801cda18c / week 12
[2026-05-06 20:44:36] Generating lecturer weekly report: 19b98b4d-b8fd-4af7-9328-a7a801cda18c / week 12
[2026-05-06 20:45:19] Generating lecturer weekly report: 19b98b4d-b8fd-4af7-9328-a7a801cda18c / week 12
[2026-05-06 20:55:19] Generating lecturer weekly report: 19b98b4d-b8fd-4af7-9328-a7a801cda18c / week 12
[2026-05-06 20:56:21] Generating lecturer weekly report: 8c634991-83b7-4ad9-a6f4-f81cc9ec9816 / week 12
[2026-05-06 20:56:25] Report saved: /Users/cherinehassan/EduVision/analytics-r/output/lecturer/lecturer_8c634991-83b7-4ad9-a6f4-f81cc9ec9816_week_12.pdf
[2026-05-06 20:58:50] Generating lecturer weekly report: 19b98b4d-b8fd-4af7-9328-a7a801cda18c / week 12
[2026-05-06 20:58:54] Report saved: /Users/cherinehassan/EduVision/analytics-r/output/lecturer/lecturer_19b98b4d-b8fd-4af7-9328-a7a801cda18c_week_12.pdf
[2026-05-06 21:08:42] Generating lecturer weekly report: 19b98b4d-b8fd-4af7-9328-a7a801cda18c / week 12
[2026-05-06 21:08:46] Report saved: /Users/cherinehassan/EduVision/analytics-r/output/lecturer/lecturer_19b98b4d-b8fd-4af7-9328-a7a801cda18c_week_12.pdf
